12345 = Numero
678910111213 = Numero
# = Caracter
radioDeLaCircunferencia = Identificador
= = Asignacion
45 = Numero
; = FinSentencia
{ = Inicio
} = Fin
== = OperadorRelacional
&& = OperadorLogico
!= = OperadorRelacional
! = OperadorLogico
+ = OperadorTermino
- = OperadorTermino
* = OperadorFactor
/ = OperadorFactor
% = OperadorFactor
++ = IncrementoTermino
-- = IncrementoTermino
+= = IncrementoTermino
-= = IncrementoTermino
*= = IncrementoFactor
/= = IncrementoFactor
%= = IncrementoFactor
< = OperadorCompararcion
<= = OperadorCompararcion
> = OperadorCompararcion
>= = OperadorCompararcion
| = Caracter
|| = OperadorLogico
￿ = Caracter
